<?xml version="1.0" encoding="UTF-8"?>
<testsuite name="MiniMaxTest" tests="6" skipped="0" failures="0" errors="0" timestamp="2019-07-09T22:22:48" hostname="Charless-MacBook-Pro.local" time="0.007">
  <properties/>
  <testcase name="miniMaxReturnsSmallestGrandChild" classname="MiniMaxTest" time="0.003"/>
  <testcase name="miniMaxReturnsScoreOfLinkedList" classname="MiniMaxTest" time="0.0"/>
  <testcase name="miniMaxReturnsScoreOfANodeWithNoChild" classname="MiniMaxTest" time="0.0"/>
  <testcase name="miniMaxReturnsScoreOfANodeWithOneChild" classname="MiniMaxTest" time="0.0"/>
  <testcase name="miniMaxReturnsLargestOfTwoChildren" classname="MiniMaxTest" time="0.0"/>
  <testcase name="miniMaxReturnsTheValue" classname="MiniMaxTest" time="0.001"/>
  <system-out><![CDATA[]]></system-out>
  <system-err><![CDATA[]]></system-err>
</testsuite>
